[LOG] System::create                           : Header version = 2.01.11. Current version = 2.01.11.
[LOG] Manager::init                            : maxchannels = 256 studioflags = 00000006 flags 00000000 extradriverdata 0000000000000000.
[LOG] SystemI::init                            : Initialize version=20111 (118066), maxchannels=256, flags=0x00020000
[LOG] SystemI::setOutputInternal               : Setting output to 'FMOD WASAPI Output'
[LOG] OutputWASAPI::init                       : Mix Format (WAVEFORMATEX): wFormatTag=0xFFFE, nChannels=2, nSamplesPerSec=48000, nAvgBytesPerSec=384000, nBlockAlign=8, wBitsPerSample=32, cbSize=22.
[LOG] OutputWASAPI::init                       : Mix Format (WAVEFORMATEXTENSIBLE): wValidBitsPerSample=32, dwChannelMask=0x00000003, SubFormat=00000003-0000-0010-8000-00AA00389B71.
[LOG] OutputWASAPI::init                       : Output buffer size: 4096 samples, latency: 0.00ms, period: 10.00ms, DSP buffer: 1024 * 4
[LOG] Thread::initThread                       : Init FMOD stream thread. Affinity: 0x8000000000000003, Priority: 0xFFFF7FFB, Stack Size: 98304, Semaphore: No, Sleep Time: 10, Looping: Yes.
[LOG] Thread::initThread                       : Init FMOD mixer thread. Affinity: 0x8000000000000001, Priority: 0xFFFF7FFA, Stack Size: 81920, Semaphore: No, Sleep Time: 0, Looping: Yes.
[LOG] AsyncManager::init                       : manager 000002AC78EC5288 isAsync 0 updatePeriod 0.02
[LOG] AsyncManager::init                       : done
[LOG] PlaybackSystem::init                     : 
[LOG] Thread::initThread                       : Init FMOD Studio sample load thread. Affinity: 0x8000000000000003, Priority: 0xFFFF7FFD, Stack Size: 98304, Semaphore: No, Sleep Time: 1, Looping: No.
[LOG] PlaybackSystem::init                     : done
[LOG] Thread::initThread                       : Init FMOD Studio bank load thread. Affinity: 0x8000000000000003, Priority: 0xFFFF7FFD, Stack Size: 98304, Semaphore: No, Sleep Time: 1, Looping: No.
[LOG] Manager::init                            : done.
[LOG] Manager::readBank                        : fileversion = 135, compatVersion = 132 (oldest = 44, newest = 135)
[LOG] Manager::readBank                        : fileversion = 135, compatVersion = 132 (oldest = 44, newest = 135)
[LOG] Manager::readBank                        : fileversion = 135, compatVersion = 132 (oldest = 44, newest = 135)
[LOG] PlaybackSystem::acquireMasterBus         : Setting master channel group format to 6
[LOG] SoundI::release                          : Solarity_Pad-001 (000002ACE7D63398)
[LOG] SoundI::release                          :     Solarity_Pad-001 (000002AB8D8B69F8)
[LOG] SoundI::release                          :     Solarity_Pad-001 (000002ACD3553BF8)
[LOG] SoundI::release                          : Solarity_Lead1-001 (000002ACE7D64CE8)
[LOG] SoundI::release                          :     Solarity_Lead1-001 (000002AB8D8B59B8)
[LOG] SoundI::release                          :     Solarity_Lead1-001 (000002ACD35500E8)
[LOG] SoundI::release                          : Solarity_Lead2-001 (000002ACE7D64B38)
[LOG] SoundI::release                          :     Solarity_Lead2-001 (000002AB8D8B4158)
[LOG] SoundI::release                          :     Solarity_Lead2-001 (000002ACD3553A48)
[LOG] SoundI::release                          : Solarity_Bass-001 (000002ACE7D63DB8)
[LOG] SoundI::release                          :     Solarity_Bass-001 (000002AB8D8B3E18)
[LOG] SoundI::release                          :     Solarity_Bass-001 (000002ACD3551888)
[LOG] SoundI::release                          : Ambience, Seashore, Constant Sea Wash, Cliff Perspective, No Voices, Sunset-Stereo_01 (000002ACE7D647D8)
[LOG] SoundI::release                          :     Ambience, Seashore, Constant Sea Wash, Cliff Perspective, No Voices, Sunset-Stereo_01 (000002AB8D8B35F8)
[LOG] SoundI::release                          :     Ambience, Seashore, Constant Sea Wash, Cliff Perspective, No Voices, Sunset-Stereo_01 (000002ACD35522A8)
[LOG] SoundI::release                          : Ambience, Seashore, Constant Sea Wash, Cliff Perspective, No Voices, Sunset-Stereo_01 (000002ACE7D63A58)
[LOG] SoundI::release                          :     Ambience, Seashore, Constant Sea Wash, Cliff Perspective, No Voices, Sunset-Stereo_01 (000002AB8D8B5CF8)
[LOG] SoundI::release                          :     Ambience, Seashore, Constant Sea Wash, Cliff Perspective, No Voices, Sunset-Stereo_01 (000002ACD3553898)
[LOG] SoundI::release                          :  (000002AC6E16DE88)
[LOG] SoundI::release                          :     363122__el-bee__landmass-earth-rumble (000002AB8D8B2758)
[LOG] Thread::callback                         : FMOD Studio update thread finished.
[LOG] Thread::callback                         : FMOD Studio bank load thread finished.
[LOG] Profile::disconnectAll                   : Profiler disconnecting all clients
[LOG] Thread::callback                         : FMOD Studio sample load thread finished.
[LOG] LiveUpdate::release                      : 
[LOG] LiveUpdate::reset                        : Reset connection (reason Disconnected)
[LOG] Thread::callback                         : FMOD stream thread finished.
[LOG] Thread::callback                         : FMOD mixer thread finished.
[LOG] Profile::disconnectAll                   : Profiler disconnecting all clients
[LOG] SystemI::close                           : Closed.
